This is pdfTeX, Version 3.141592653-2.6-1.40.25 (TeX Live 2023/nixos.org) (preloaded format=pdflatex 1980.1.1)  2 OCT 2024 18:44
entering extended mode
 \write18 enabled.
 %&-line parsing enabled.
**main.tex

(/nix/store/3kghg8w05ksa4jnm9vsg8gzp6zxmjr57-texlive-combined-2023-texmfdist/te
x/latex/tools/q.tex
LaTeX2e <2023-11-01> patch level 1
L3 programming layer <2024-02-20>
File ignored
)
! Emergency stop.
<*> main.tex
            
*** (job aborted, no legal \end found)

 
Here is how much of TeX's memory you used:
 18 strings out of 475567
 647 string characters out of 5770542
 1925187 words of memory out of 5000000
 22266 multiletter control sequences out of 15000+600000
 558069 words of font info for 36 fonts, out of 8000000 for 9000
 319 hyphenation exceptions out of 8191
 12i,0n,13p,88b,8s stack positions out of 10000i,1000n,20000p,200000b,200000s
!  ==> Fatal error occurred, no output PDF file produced!
